nohup: 忽略输入
[03.29.20|13:28:21] Parameters:
{'work_dir': './work_dir/recognition/kinetics_skeleton/ST_GCN', 'config': 'config/st_gcn/kinetics-skeleton/train.yaml', 'phase': 'train', 'save_result': False, 'start_epoch': 0, 'num_epoch': 50, 'use_gpu': True, 'device': [0, 1, 2], 'log_interval': 100, 'save_interval': 10, 'eval_interval': 5, 'save_log': True, 'print_log': True, 'pavi_log': False, 'feeder': 'feeder.feeder.Feeder', 'num_worker': 4, 'train_feeder_args': {'random_choose': True, 'random_move': True, 'window_size': 150, 'data_path': '/mnt/Disk1/qingl/data/kinetics-skeleton/Kinetics/kinetics-skeleton/train_data.npy', 'label_path': '/mnt/Disk1/qingl/data/kinetics-skeleton/Kinetics/kinetics-skeleton/train_label.pkl', 'debug': False}, 'test_feeder_args': {'data_path': '/mnt/Disk1/qingl/data/kinetics-skeleton/Kinetics/kinetics-skeleton/val_data.npy', 'label_path': '/mnt/Disk1/qingl/data/kinetics-skeleton/Kinetics/kinetics-skeleton/val_label.pkl'}, 'batch_size': 128, 'test_batch_size': 128, 'debug': False, 'model': 'net.st_gcn.Model', 'model_args': {'in_channels': 3, 'num_class': 400, 'edge_importance_weighting': True, 'graph_args': {'layout': 'openpose', 'strategy': 'spatial'}}, 'weights': None, 'ignore_weights': [], 'show_topk': [1, 5], 'base_lr': 0.1, 'step': [20, 30, 40, 50], 'optimizer': 'SGD', 'nesterov': True, 'weight_decay': 0.0001}

[03.29.20|13:28:21] Training epoch: 0
[03.29.20|13:28:36] 	Iter 0 Done. | loss: 6.0168 | lr: 0.100000
[03.29.20|13:30:12] 	Iter 100 Done. | loss: 5.6979 | lr: 0.100000
[03.29.20|13:31:44] 	Iter 200 Done. | loss: 5.5912 | lr: 0.100000
[03.29.20|13:34:22] 	Iter 300 Done. | loss: 5.4259 | lr: 0.100000
[03.29.20|13:36:27] 	Iter 400 Done. | loss: 5.5377 | lr: 0.100000
[03.29.20|13:38:23] 	Iter 500 Done. | loss: 5.4222 | lr: 0.100000
[03.29.20|13:40:17] 	Iter 600 Done. | loss: 5.3242 | lr: 0.100000
[03.29.20|13:42:04] 	Iter 700 Done. | loss: 5.0972 | lr: 0.100000
[03.29.20|13:43:46] 	Iter 800 Done. | loss: 5.3713 | lr: 0.100000
[03.29.20|13:45:18] 	Iter 900 Done. | loss: 5.1526 | lr: 0.100000
[03.29.20|13:46:45] 	Iter 1000 Done. | loss: 5.1352 | lr: 0.100000
[03.29.20|13:48:07] 	Iter 1100 Done. | loss: 5.0626 | lr: 0.100000
[03.29.20|13:49:20] 	Iter 1200 Done. | loss: 5.1413 | lr: 0.100000
[03.29.20|13:50:32] 	Iter 1300 Done. | loss: 5.1136 | lr: 0.100000
[03.29.20|13:51:36] 	Iter 1400 Done. | loss: 5.1404 | lr: 0.100000
[03.29.20|13:52:34] 	Iter 1500 Done. | loss: 5.1098 | lr: 0.100000
[03.29.20|13:53:29] 	Iter 1600 Done. | loss: 5.2098 | lr: 0.100000
[03.29.20|13:54:23] 	Iter 1700 Done. | loss: 5.0023 | lr: 0.100000
[03.29.20|13:55:18] 	Iter 1800 Done. | loss: 4.9168 | lr: 0.100000
[03.29.20|13:56:00] 	mean_loss: 5.251206745354893
[03.29.20|13:56:00] Time consumption:
[03.29.20|13:56:00] Done.
[03.29.20|13:56:00] Training epoch: 1
